2025-05-11 12:46:14,668 - INFO - Starting experiments: NER for Knowledge Graph Construction
2025-05-11 12:46:14,668 - INFO - Loading CoNLL04 dataset...
2025-05-11 12:46:23,182 - INFO - Preparing data for CRF model...
2025-05-11 12:46:41,706 - INFO - Initializing CRF model...
2025-05-11 12:46:41,706 - INFO - [CRF] Starting training...
2025-05-11 12:46:43,502 - INFO - [CRF] Starting evaluation...
2025-05-11 12:46:43,637 - INFO - [CRF] Results:
2025-05-11 12:46:43,637 - INFO -   B-Loc:
2025-05-11 12:46:43,637 - INFO - precision: 0.8633
2025-05-11 12:46:43,637 - INFO - recall: 0.7986
2025-05-11 12:46:43,637 - INFO - f1-score: 0.8297
2025-05-11 12:46:43,637 - INFO - support: 427.0000
2025-05-11 12:46:43,637 - INFO -   B-Org:
2025-05-11 12:46:43,637 - INFO - precision: 0.7459
2025-05-11 12:46:43,637 - INFO - recall: 0.6818
2025-05-11 12:46:43,637 - INFO - f1-score: 0.7124
2025-05-11 12:46:43,637 - INFO - support: 198.0000
2025-05-11 12:46:43,637 - INFO -   B-Other:
2025-05-11 12:46:43,637 - INFO - precision: 0.8000
2025-05-11 12:46:43,637 - INFO - recall: 0.5414
2025-05-11 12:46:43,637 - INFO - f1-score: 0.6457
2025-05-11 12:46:43,637 - INFO - support: 133.0000
2025-05-11 12:46:43,637 - INFO -   B-Peop:
2025-05-11 12:46:43,637 - INFO - precision: 0.7611
2025-05-11 12:46:43,637 - INFO - recall: 0.8037
2025-05-11 12:46:43,637 - INFO - f1-score: 0.7818
2025-05-11 12:46:43,637 - INFO - support: 321.0000
2025-05-11 12:46:43,637 - INFO -   I-Loc:
2025-05-11 12:46:43,637 - INFO - precision: 0.8462
2025-05-11 12:46:43,637 - INFO - recall: 0.6471
2025-05-11 12:46:43,637 - INFO - f1-score: 0.7333
2025-05-11 12:46:43,637 - INFO - support: 204.0000
2025-05-11 12:46:43,637 - INFO -   I-Org:
2025-05-11 12:46:43,637 - INFO - precision: 0.6395
2025-05-11 12:46:43,637 - INFO - recall: 0.7801
2025-05-11 12:46:43,637 - INFO - f1-score: 0.7028
2025-05-11 12:46:43,637 - INFO - support: 241.0000
2025-05-11 12:46:43,637 - INFO -   I-Other:
2025-05-11 12:46:43,637 - INFO - precision: 0.8191
2025-05-11 12:46:43,637 - INFO - recall: 0.5923
2025-05-11 12:46:43,637 - INFO - f1-score: 0.6875
2025-05-11 12:46:43,637 - INFO - support: 130.0000
2025-05-11 12:46:43,637 - INFO -   I-Peop:
2025-05-11 12:46:43,637 - INFO - precision: 0.8032
2025-05-11 12:46:43,637 - INFO - recall: 0.9404
2025-05-11 12:46:43,637 - INFO - f1-score: 0.8664
2025-05-11 12:46:43,637 - INFO - support: 369.0000
2025-05-11 12:46:43,637 - INFO -   O:
2025-05-11 12:46:43,642 - INFO - precision: 0.9685
2025-05-11 12:46:43,642 - INFO - recall: 0.9750
2025-05-11 12:46:43,642 - INFO - f1-score: 0.9717
2025-05-11 12:46:43,642 - INFO - support: 6313.0000
2025-05-11 12:46:43,642 - INFO - accuracy: 0.9243
2025-05-11 12:46:43,642 - INFO -   macro avg:
2025-05-11 12:46:43,642 - INFO - precision: 0.8052
2025-05-11 12:46:43,642 - INFO - recall: 0.7511
2025-05-11 12:46:43,642 - INFO - f1-score: 0.7702
2025-05-11 12:46:43,642 - INFO - support: 8336.0000
2025-05-11 12:46:43,642 - INFO -   weighted avg:
2025-05-11 12:46:43,642 - INFO - precision: 0.9250
2025-05-11 12:46:43,642 - INFO - recall: 0.9243
2025-05-11 12:46:43,642 - INFO - f1-score: 0.9231
2025-05-11 12:46:43,642 - INFO - support: 8336.0000
2025-05-11 12:46:43,642 - INFO - [CRF] Micro-F1 score: 0.9243
